<?xml version="1.0" encoding="UTF-8"?>
<!-- Generated by org.testng.reporters.JUnitReportReporter -->
<testsuite hostname="SweetHome" failures="0" tests="2" name="automation.RoboTest" time="0.001" errors="0" timestamp="2023-07-21T20:49:30 IST" skipped="0">
  <testcase classname="automation.RoboTest" name="demo6" time="0.000"/>
  <testcase classname="automation.RoboTest" name="demo5" time="0.001"/>
</testsuite> <!-- automation.RoboTest -->
