<?xml version="1.0" encoding="UTF-8"?>
<!-- Generated by org.testng.reporters.JUnitReportReporter -->
<testsuite hostname="SweetHome" failures="0" tests="2" name="automation.AutoTest" time="0.008" errors="0" timestamp="2023-07-21T20:49:30 IST" skipped="0">
  <testcase classname="automation.AutoTest" name="demo4" time="0.001"/>
  <testcase classname="automation.AutoTest" name="demo3" time="0.007"/>
</testsuite> <!-- automation.AutoTest -->
