<?xml version="1.0" encoding="UTF-8"?>
<!-- Generated by org.testng.reporters.JUnitReportReporter -->
<testsuite hostname="SweetHome" failures="0" tests="2" name="automation.SeleTest" time="8.572" errors="0" timestamp="2023-07-21T20:49:30 IST" skipped="0">
  <testcase classname="automation.SeleTest" name="demo2" time="0.001"/>
  <testcase classname="automation.SeleTest" name="demo1" time="8.571"/>
</testsuite> <!-- automation.SeleTest -->
